2025-06-15 16:37:05,209 masks.py INFO: Проверяем точно ли введенные данные карты ровны 16 символам
2025-06-15 16:37:05,210 masks.py INFO: Проверяем точно ли введенные данные карты ровны 16 символам
2025-06-15 16:37:05,210 masks.py INFO: Проверяем точно ли введенные номера счета ровны 20 символам
2025-06-15 16:37:08,189 masks.py INFO: Проверяем точно ли введенные данные карты ровны 16 символам
2025-06-15 16:37:08,189 masks.py INFO: Проверяем точно ли введенные данные карты ровны 16 символам
2025-06-15 16:37:08,190 masks.py INFO: Проверяем точно ли введенные номера счета ровны 20 символам
2025-06-22 15:39:05,868 masks.py INFO: Проверяем точно ли введенные данные карты ровны 16 символам
2025-06-22 15:39:05,869 masks.py INFO: Успешно создана маска для карты: 7000 **** **** 6361
2025-06-22 15:39:05,872 masks.py INFO: Проверяем точно ли введенные данные карты ровны 16 символам
2025-06-22 15:39:05,872 masks.py INFO: Успешно создана маска для карты: 4484 **** **** 0252
2025-06-22 15:39:05,875 masks.py INFO: Проверяем точно ли введенные данные карты ровны 16 символам
2025-06-22 15:39:05,876 masks.py ERROR: Введен неверный номер карты"
2025-06-22 15:39:05,886 masks.py INFO: Проверяем точно ли введенные номера счета ровны 20 символам
2025-06-22 15:39:05,889 masks.py INFO: Проверяем точно ли введенные номера счета ровны 20 символам
2025-06-22 15:39:05,892 masks.py INFO: Проверяем точно ли введенные номера счета ровны 20 символам
2025-06-22 15:39:05,892 masks.py ERROR: Введен неверный номер счёта
2025-06-22 15:39:05,894 masks.py INFO: Проверяем точно ли введенные номера счета ровны 20 символам
2025-06-22 15:39:05,895 masks.py ERROR: Введен неверный номер счёта
2025-06-22 15:39:05,895 masks.py INFO: Проверяем точно ли введенные номера счета ровны 20 символам
2025-06-22 15:39:05,896 masks.py ERROR: Введен неверный номер счёта
2025-06-22 15:39:06,065 masks.py INFO: Проверяем точно ли введенные данные карты ровны 16 символам
2025-06-22 15:39:06,066 masks.py INFO: Успешно создана маска для карты: 7000 **** **** 6361
2025-06-22 15:39:06,072 masks.py INFO: Проверяем точно ли введенные номера счета ровны 20 символам
2025-06-22 15:39:06,074 masks.py INFO: Проверяем точно ли введенные данные карты ровны 16 символам
2025-06-22 15:39:06,075 masks.py INFO: Успешно создана маска для карты: 1596 **** **** 5199
2025-06-22 15:39:06,079 masks.py INFO: Проверяем точно ли введенные номера счета ровны 20 символам
2025-06-22 15:39:06,082 masks.py INFO: Проверяем точно ли введенные данные карты ровны 16 символам
2025-06-22 15:39:06,082 masks.py ERROR: Введен неверный номер карты"
2025-06-22 15:39:06,094 masks.py INFO: Проверяем точно ли введенные данные карты ровны 16 символам
2025-06-22 15:39:06,094 masks.py ERROR: Введен неверный номер карты"
